<?xml version='1.0' encoding='UTF-8'?>
<testsuite hostname="Yuejuns-MacBook-Pro.local" name="Service.YouTubeApiTest" tests="1" errors="0" failures="0" skipped="0" time="0.016" timestamp="2020-12-16T23:34:46">
                     <properties>
[...]
</properties>
                     <testcase classname="Service.YouTubeApiTest" name="testMockList" time="0.016">
                                                 
                                               </testcase>
                     <system-out><![CDATA[]]></system-out>
                     <system-err><![CDATA[]]></system-err>
                   </testsuite>